<?xml version="1.0" encoding="UTF-8"?>
<!-- Generated by org.testng.reporters.JUnitXMLReporter -->
<testsuite ignored="0" hostname="MSI-WORK" failures="0" tests="1" name="TestFirefox" time="0.038" errors="0" timestamp="2024-10-08T21:47:10 IST">
  <testcase classname="com.amazon.base.BaseTest" name="@BeforeClass setup" time="-1.728404230137E9">
    <failure type="org.testng.TestNGException" message="
Parameter &amp;apos;gridUrl&amp;apos; is required by BeforeClass on method setup but has not been marked @Optional or defined
in C:\Users\ADMIN\Dropbox\Developer\AmazonProject\AMAZONPROJECT\testng.xml">
      <![CDATA[org.testng.TestNGException: 
Parameter 'gridUrl' is required by BeforeClass on method setup but has not been marked @Optional or defined
in C:\Users\ADMIN\Dropbox\Developer\AmazonProject\AMAZONPROJECT\testng.xml
at java.base/java.util.ArrayList.forEach(ArrayList.java:1596)
at java.base/java.util.concurrent.FutureTask.run(FutureTask.java:317)
at java.base/java.util.concurrent.ThreadPoolExecutor.runWorker(ThreadPoolExecutor.java:1144)
at java.base/java.util.concurrent.ThreadPoolExecutor$Worker.run(ThreadPoolExecutor.java:642)
at java.base/java.lang.Thread.run(Thread.java:1583)
... Removed 13 stack frames]]>
    </failure>
  </testcase> <!-- @BeforeClass setup -->
  <testcase classname="com.amazon.base.BaseTest" name="@BeforeClass setup" time="-1.728404230137E9">
    <failure type="org.testng.TestNGException" message="
Parameter &amp;apos;gridUrl&amp;apos; is required by BeforeClass on method setup but has not been marked @Optional or defined
in C:\Users\ADMIN\Dropbox\Developer\AmazonProject\AMAZONPROJECT\testng.xml">
      <![CDATA[org.testng.TestNGException: 
Parameter 'gridUrl' is required by BeforeClass on method setup but has not been marked @Optional or defined
in C:\Users\ADMIN\Dropbox\Developer\AmazonProject\AMAZONPROJECT\testng.xml
at java.base/java.util.ArrayList.forEach(ArrayList.java:1596)
at java.base/java.util.concurrent.FutureTask.run(FutureTask.java:317)
at java.base/java.util.concurrent.ThreadPoolExecutor.runWorker(ThreadPoolExecutor.java:1144)
at java.base/java.util.concurrent.ThreadPoolExecutor$Worker.run(ThreadPoolExecutor.java:642)
at java.base/java.lang.Thread.run(Thread.java:1583)
... Removed 13 stack frames]]>
    </failure>
  </testcase> <!-- @BeforeClass setup -->
  <testcase classname="com.amazon.base.BaseTest" name="@AfterClass tearDown" time="-1.728404230158E9">
    <skipped/>
  </testcase> <!-- @AfterClass tearDown -->
  <testcase classname="com.amazon.base.BaseTest" name="@AfterClass tearDown" time="-1.728404230159E9">
    <skipped/>
  </testcase> <!-- @AfterClass tearDown -->
  <testcase classname="com.amazon.testcases.AmazonHomePageTest" name="verifyAmazonHomePageTitle" time="0.0">
    <skipped/>
  </testcase> <!-- verifyAmazonHomePageTitle -->
</testsuite> <!-- TestFirefox -->
